生成启动时间为 2018/12/21 22:43:56。
     1>项目“F:\Bite\Try_everything\顺序表_12_21\顺序表_12_21\顺序表_12_21.vcxproj”在节点 2 上(Build 个目标)。
     1>ClCompile:
         D:\APP\VS\VC\bin\CL.exe /c /ZI /nologo /W3 /WX- /sdl /Od /Oy- /D _UNICODE /D UNICODE /Gm /EHsc /RTC1 /MDd /GS /fp:precise /Zc:wchar_t /Zc:forScope /Fo"Debug\\" /Fd"Debug\vc120.pdb" /Gd /TC /analyze- /errorReport:prompt SqlList.c test.c
         test.c
     1>f:\bite\try_everything\顺序表_12_21\顺序表_12_21\seqlist.h(60): error C2061: 语法错误: 标识符“SeqListEmpty”
     1>f:\bite\try_everything\顺序表_12_21\顺序表_12_21\seqlist.h(60): error C2059: 语法错误:“;”
     1>f:\bite\try_everything\顺序表_12_21\顺序表_12_21\seqlist.h(60): error C2059: 语法错误:“类型”
         SqlList.c
     1>f:\bite\try_everything\顺序表_12_21\顺序表_12_21\seqlist.h(60): error C2061: 语法错误: 标识符“SeqListEmpty”
     1>f:\bite\try_everything\顺序表_12_21\顺序表_12_21\seqlist.h(60): error C2059: 语法错误:“;”
     1>f:\bite\try_everything\顺序表_12_21\顺序表_12_21\seqlist.h(60): error C2059: 语法错误:“类型”
         正在生成代码...
     1>已完成生成项目“F:\Bite\Try_everything\顺序表_12_21\顺序表_12_21\顺序表_12_21.vcxproj”(Build 个目标)的操作 - 失败。

生成失败。

已用时间 00:00:00.16
